Date : [Sun - Jul 2, 2023, 12:16:51 PM] | error : [
  {
    "expected": "'Autumn' | 'Summer' | 'Fall'",
    "received": "undefined",
    "code": "invalid_type",
    "path": [
      "body",
      "title"
    ],
    "message": "Title is required"
  },
  {
    "code": "invalid_type",
    "expected": "number",
    "received": "undefined",
    "path": [
      "body",
      "year"
    ],
    "message": "Year is required for creating semister"
  }
]
Date : [Sun - Jul 2, 2023, 12:28:04 PM] | error : [
  {
    "expected": "'Autumn' | 'Summer' | 'Fall'",
    "received": "undefined",
    "code": "invalid_type",
    "path": [
      "body",
      "title"
    ],
    "message": "Title is required"
  },
  {
    "code": "invalid_type",
    "expected": "number",
    "received": "undefined",
    "path": [
      "body",
      "year"
    ],
    "message": "Year is required for creating semister"
  }
]
Date : [Sun - Jul 2, 2023, 12:28:07 PM] | error : [
  {
    "expected": "'Autumn' | 'Summer' | 'Fall'",
    "received": "undefined",
    "code": "invalid_type",
    "path": [
      "body",
      "title"
    ],
    "message": "Title is required"
  },
  {
    "code": "invalid_type",
    "expected": "number",
    "received": "undefined",
    "path": [
      "body",
      "year"
    ],
    "message": "Year is required for creating semister"
  }
]
