Date : [Wed - Jul 12, 2023, 6:39:31 PM] | error : [
  {
    "code": "invalid_type",
    "expected": "object",
    "received": "undefined",
    "path": [
      "body",
      "user"
    ],
    "message": "Required"
  }
]
Date : [Wed - Jul 12, 2023, 6:41:09 PM] | error : [
  {
    "code": "invalid_type",
    "expected": "string",
    "received": "number",
    "path": [
      "body",
      "password"
    ],
    "message": "Expected string, received number"
  },
  {
    "code": "invalid_type",
    "expected": "object",
    "received": "undefined",
    "path": [
      "body",
      "student"
    ],
    "message": "Required"
  }
]
Date : [Wed - Jul 12, 2023, 6:41:32 PM] | error : [
  {
    "code": "invalid_type",
    "expected": "object",
    "received": "undefined",
    "path": [
      "body",
      "student"
    ],
    "message": "Required"
  }
]
Date : [Wed - Jul 12, 2023, 7:06:41 PM] | error : [
  {
    "code": "invalid_type",
    "expected": "object",
    "received": "undefined",
    "path": [
      "body",
      "student"
    ],
    "message": "Required"
  }
]
Date : [Wed - Jul 12, 2023, 7:07:03 PM] | error : (0 , user_service_1.createUser) is not a function
Date : [Wed - Jul 12, 2023, 7:08:33 PM] | error : Student validation failed: academicFaculty: Invalid Academic Faculty field value, academicDepartment: Invalid Academic Department field value, academicSemester: Invalid Academic Semester field value
Date : [Wed - Jul 12, 2023, 7:10:48 PM] | error : Cast to ObjectId failed for value "64a04a653e21b0135445d4" (type string) at path "_id" for model "Academic-Semester"
Date : [Wed - Jul 12, 2023, 7:10:59 PM] | error : E11000 duplicate key error collection: University_Management_Auth_Servie.students index: email_1 dup key: { email: "john.smith@example.com" }
